<?xml version="1.0" encoding="UTF-8"?>
<!-- Generated by org.testng.reporters.JUnitXMLReporter -->
<testsuite ignored="0" hostname="LAPTOP-ODHCJP7U" failures="1" tests="2" name="Workflow" time="47.696" errors="0" timestamp="2021-03-10T14:14:01 EST">
  <testcase classname="test.Test1" name="verifyDropDowns" time="14.727"/>
  <testcase classname="test.Test1" name="searchStores" time="16.227">
    <failure type="java.lang.AssertionError" message="expected [true] but found [false]">
      <![CDATA[java.lang.AssertionError: expected [true] but found [false]
at test.Test1.searchStores(Test1.java:38)
at java.base/java.util.ArrayList.forEach(ArrayList.java:1511)
... Removed 31 stack frames]]>
    </failure>
  </testcase> <!-- searchStores -->
</testsuite> <!-- Workflow -->
